2026-03-16T08:59:45.255Z [error]: AggregateError 
2026-03-16T08:59:45.468Z [error]: AggregateError 
2026-03-16T08:59:45.687Z [error]: AggregateError 
2026-03-16T08:59:46.002Z [error]: AggregateError 
2026-03-16T08:59:46.436Z [error]: AggregateError 
2026-03-16T08:59:47.340Z [error]: AggregateError 
2026-03-16T08:59:49.035Z [error]: AggregateError 
2026-03-16T08:59:51.185Z [error]: AggregateError 
2026-03-17T18:59:17.869Z [error]: error cought at middleware 
2026-03-17T19:01:16.919Z [error]: error cought at middleware 
2026-03-17T19:01:49.903Z [error]: payload at 
2026-03-17T19:01:49.972Z [error]: error cought at middleware 
2026-03-17T19:03:03.830Z [error]: error cought at authenticate middleware 
2026-03-17T19:03:29.020Z [error]: payload at 
2026-03-17T19:03:29.025Z [error]: error cought at authenticate middleware 
2026-03-17T19:08:09.921Z [error]: payload at 
2026-03-17T19:08:45.355Z [error]: payload at 
2026-03-17T19:09:19.391Z [error]: payload at 
2026-03-17T19:09:26.963Z [error]: payload at 
2026-03-17T19:10:14.684Z [error]: payload at 
2026-03-17T19:10:14.686Z [error]: error cought at authenticate middleware 
2026-03-17T19:10:23.669Z [error]: payload at 
2026-03-17T19:10:23.670Z [error]: error cought at authenticate middleware 
2026-03-17T19:10:27.369Z [error]: payload at 
2026-03-17T19:10:27.370Z [error]: error cought at authenticate middleware 
2026-03-17T19:11:39.624Z [error]: payload at 
2026-03-17T19:11:39.640Z [error]: error cought at authenticate middleware 
2026-03-17T19:13:32.611Z [error]: error cought at authenticate middleware 
2026-03-17T19:13:57.806Z [error]: error cought at authenticate middleware 
2026-03-17T19:18:28.050Z [error]: jwt expired {"name":"TokenExpiredError","expiredAt":"2026-03-17T19:16:06.000Z"}
2026-03-17T19:21:14.501Z [error]: jwt expired {"name":"TokenExpiredError","expiredAt":"2026-03-17T19:16:06.000Z"}
2026-03-17T19:43:29.820Z [error]: jwt expired {"name":"TokenExpiredError","expiredAt":"2026-03-17T19:38:11.000Z"}
2026-03-17T19:43:29.823Z [error]: expired token {"name":"AuthenticationError","statusCode":401,"isOperational":true}
2026-03-17T19:48:13.325Z [error]: Missing access token {"name":"AuthenticationError","statusCode":401,"isOperational":true}
2026-03-17T19:48:14.024Z [error]: Missing access token {"name":"AuthenticationError","statusCode":401,"isOperational":true}
2026-03-17T19:48:15.355Z [error]: Invalid refresh token or token missing {"name":"ValidationError","statusCode":400,"isOperational":true}
2026-03-17T19:48:26.229Z [error]: Missing access token {"name":"AuthenticationError","statusCode":401,"isOperational":true}
2026-03-17T19:48:26.234Z [error]: Invalid refresh token or token missing {"name":"ValidationError","statusCode":400,"isOperational":true}
2026-03-17T19:48:43.750Z [error]: Missing access token {"name":"AuthenticationError","statusCode":401,"isOperational":true}
2026-03-17T19:48:43.763Z [error]: Invalid refresh token or token missing {"name":"ValidationError","statusCode":400,"isOperational":true}
2026-03-17T19:52:33.589Z [error]: Missing access token {"name":"AuthenticationError","statusCode":401,"isOperational":true}
2026-03-17T19:52:33.666Z [error]: Invalid refresh token or token missing {"name":"ValidationError","statusCode":400,"isOperational":true}
2026-03-20T15:12:56.081Z [error]: AggregateError 
2026-03-20T15:12:56.187Z [error]: AggregateError 
2026-03-20T15:12:56.483Z [error]: AggregateError 
2026-03-20T15:12:56.735Z [error]: AggregateError 
2026-03-20T15:12:57.170Z [error]: AggregateError 
2026-03-20T15:12:58.079Z [error]: AggregateError 
2026-03-20T15:12:59.683Z [error]: AggregateError 
2026-03-20T15:13:01.824Z [error]: AggregateError 
2026-03-20T15:13:03.930Z [error]: AggregateError 
2026-03-20T15:13:06.039Z [error]: AggregateError 
2026-03-20T15:13:08.081Z [error]: AggregateError 
2026-03-20T15:13:10.243Z [error]: AggregateError 
2026-03-20T15:13:12.423Z [error]: AggregateError 
2026-03-20T15:13:14.567Z [error]: AggregateError 
2026-03-20T15:13:16.643Z [error]: AggregateError 
2026-03-20T15:13:18.812Z [error]: AggregateError 
2026-03-20T15:13:20.836Z [error]: AggregateError 
2026-03-20T15:13:22.913Z [error]: AggregateError 
2026-03-20T15:13:25.095Z [error]: AggregateError 
2026-03-20T15:13:27.263Z [error]: AggregateError 
2026-03-20T15:13:29.353Z [error]: AggregateError 
2026-03-20T15:13:31.465Z [error]: AggregateError 
2026-03-20T15:13:33.503Z [error]: AggregateError 
2026-03-20T15:13:35.563Z [error]: AggregateError 
2026-03-20T15:13:37.733Z [error]: AggregateError 
2026-03-20T15:13:39.928Z [error]: AggregateError 
2026-03-20T15:13:42.109Z [error]: AggregateError 
2026-03-20T15:13:44.312Z [error]: AggregateError 
2026-03-20T15:13:46.456Z [error]: AggregateError 
2026-03-20T15:13:48.587Z [error]: AggregateError 
2026-03-20T15:13:50.784Z [error]: AggregateError 
2026-03-20T15:13:52.962Z [error]: AggregateError 
2026-03-20T15:13:55.156Z [error]: AggregateError 
2026-03-20T15:13:57.351Z [error]: AggregateError 
2026-03-20T15:13:59.461Z [error]: AggregateError 
2026-03-20T15:14:01.635Z [error]: AggregateError 
2026-03-20T15:14:03.645Z [error]: AggregateError 
2026-03-20T15:14:05.665Z [error]: AggregateError 
2026-03-20T15:14:07.689Z [error]: AggregateError 
2026-03-20T15:14:09.756Z [error]: AggregateError 
2026-03-20T15:14:11.794Z [error]: AggregateError 
2026-03-20T15:14:14.000Z [error]: AggregateError 
2026-03-20T15:14:16.057Z [error]: AggregateError 
2026-03-20T15:14:18.262Z [error]: AggregateError 
2026-03-20T15:14:20.423Z [error]: AggregateError 
2026-03-20T15:14:22.572Z [error]: AggregateError 
2026-03-20T15:14:24.756Z [error]: AggregateError 
2026-03-20T15:14:26.908Z [error]: AggregateError 
2026-03-20T15:14:28.938Z [error]: AggregateError 
2026-03-20T15:14:30.966Z [error]: AggregateError 
2026-03-20T15:14:33.148Z [error]: AggregateError 
2026-03-20T15:14:35.167Z [error]: AggregateError 
2026-03-20T15:14:37.312Z [error]: AggregateError 
2026-03-20T15:14:39.340Z [error]: AggregateError 
2026-03-20T15:14:41.533Z [error]: AggregateError 
2026-03-20T15:14:43.604Z [error]: AggregateError 
2026-03-20T15:14:45.749Z [error]: AggregateError 
2026-03-20T15:14:47.866Z [error]: AggregateError 
2026-03-20T15:14:50.049Z [error]: AggregateError 
2026-03-20T15:14:52.192Z [error]: AggregateError 
2026-03-20T15:14:54.370Z [error]: AggregateError 
2026-03-20T15:14:56.453Z [error]: AggregateError 
2026-03-20T15:14:58.652Z [error]: AggregateError 
2026-03-20T15:15:00.770Z [error]: AggregateError 
2026-03-20T15:15:02.988Z [error]: AggregateError 
2026-03-20T15:15:05.032Z [error]: AggregateError 
2026-03-20T15:15:07.098Z [error]: AggregateError 
2026-03-20T15:15:09.181Z [error]: AggregateError 
2026-03-20T15:15:11.272Z [error]: AggregateError 
2026-03-20T15:15:13.420Z [error]: AggregateError 
2026-03-20T15:15:15.502Z [error]: AggregateError 
2026-03-20T15:15:17.671Z [error]: AggregateError 
2026-03-20T15:15:19.865Z [error]: AggregateError 
2026-03-20T15:15:22.055Z [error]: AggregateError 
2026-03-20T15:15:24.109Z [error]: AggregateError 
2026-03-20T15:15:26.186Z [error]: AggregateError 
2026-03-20T15:15:28.250Z [error]: AggregateError 
2026-03-20T15:15:30.303Z [error]: AggregateError 
2026-03-20T15:15:32.467Z [error]: AggregateError 
2026-03-20T15:15:34.513Z [error]: AggregateError 
2026-03-20T15:15:36.585Z [error]: AggregateError 
2026-03-20T15:15:38.653Z [error]: AggregateError 
2026-03-20T15:15:40.827Z [error]: AggregateError 
2026-03-20T15:15:42.917Z [error]: AggregateError 
2026-03-20T15:15:44.946Z [error]: AggregateError 
2026-03-20T15:15:47.130Z [error]: AggregateError 
2026-03-20T15:15:49.280Z [error]: AggregateError 
2026-03-20T15:15:51.426Z [error]: AggregateError 
2026-03-20T15:15:53.588Z [error]: AggregateError 
2026-03-20T15:15:55.724Z [error]: AggregateError 
2026-03-20T15:15:57.803Z [error]: AggregateError 
2026-03-20T15:15:59.846Z [error]: AggregateError 
2026-03-20T15:16:01.968Z [error]: AggregateError 
2026-03-20T15:16:04.030Z [error]: AggregateError 
2026-03-20T15:16:06.089Z [error]: AggregateError 
2026-03-20T15:16:08.211Z [error]: AggregateError 
2026-03-20T15:16:10.408Z [error]: AggregateError 
2026-03-20T15:16:12.457Z [error]: AggregateError 
2026-03-20T15:16:14.529Z [error]: AggregateError 
2026-03-20T15:16:16.643Z [error]: AggregateError 
2026-03-20T15:16:18.711Z [error]: AggregateError 
2026-03-20T15:16:20.869Z [error]: AggregateError 
2026-03-20T15:16:22.929Z [error]: AggregateError 
2026-03-20T15:16:24.954Z [error]: AggregateError 
2026-03-20T15:16:27.083Z [error]: AggregateError 
2026-03-20T15:16:29.220Z [error]: AggregateError 
2026-03-20T15:16:31.400Z [error]: AggregateError 
2026-03-20T15:16:33.437Z [error]: AggregateError 
2026-03-20T15:16:35.575Z [error]: AggregateError 
2026-03-20T15:16:37.633Z [error]: AggregateError 
2026-03-20T15:16:39.681Z [error]: AggregateError 
2026-03-20T15:16:41.692Z [error]: AggregateError 
2026-03-20T15:16:43.932Z [error]: AggregateError 
2026-03-20T15:16:45.998Z [error]: AggregateError 
2026-03-20T15:16:48.102Z [error]: AggregateError 
2026-03-20T15:16:50.239Z [error]: AggregateError 
2026-03-20T15:16:52.264Z [error]: AggregateError 
2026-03-20T15:16:54.329Z [error]: AggregateError 
2026-03-20T15:16:56.404Z [error]: AggregateError 
2026-03-20T15:16:58.456Z [error]: AggregateError 
2026-03-20T15:17:00.506Z [error]: AggregateError 
2026-03-20T15:17:02.706Z [error]: AggregateError 
2026-03-20T15:17:04.832Z [error]: AggregateError 
2026-03-20T15:20:02.822Z [error]: AggregateError 
2026-03-20T15:20:03.085Z [error]: AggregateError 
2026-03-20T15:20:03.242Z [error]: AggregateError 
2026-03-20T15:20:03.587Z [error]: AggregateError 
2026-03-20T15:20:04.167Z [error]: AggregateError 
2026-03-20T15:20:05.047Z [error]: AggregateError 
2026-03-20T15:20:06.839Z [error]: AggregateError 
2026-03-20T15:20:08.950Z [error]: AggregateError 
2026-03-20T15:20:11.152Z [error]: AggregateError 
2026-03-20T15:20:13.195Z [error]: AggregateError 
2026-03-20T15:20:15.309Z [error]: AggregateError 
2026-03-20T15:20:17.518Z [error]: AggregateError 
2026-03-20T15:20:30.790Z [error]: AggregateError 
2026-03-20T15:20:31.044Z [error]: AggregateError 
2026-03-20T15:20:31.336Z [error]: AggregateError 
2026-03-20T15:20:31.707Z [error]: AggregateError 
2026-03-20T15:20:32.170Z [error]: AggregateError 
2026-03-20T15:20:33.041Z [error]: AggregateError 
2026-03-20T15:20:34.691Z [error]: AggregateError 
2026-03-20T15:20:36.790Z [error]: AggregateError 
2026-03-20T15:20:38.832Z [error]: AggregateError 
2026-03-20T15:20:40.938Z [error]: AggregateError 
2026-03-20T15:20:42.977Z [error]: AggregateError 
2026-03-20T15:20:45.100Z [error]: AggregateError 
2026-03-20T15:20:47.147Z [error]: AggregateError 
2026-03-20T15:20:49.220Z [error]: AggregateError 
2026-03-20T15:20:51.309Z [error]: AggregateError 
2026-03-20T15:28:28.398Z [error]: AggregateError 
2026-03-20T15:28:28.517Z [error]: AggregateError 
2026-03-20T15:28:28.627Z [error]: AggregateError 
2026-03-20T15:28:28.974Z [error]: AggregateError 
2026-03-20T15:28:29.536Z [error]: AggregateError 
2026-03-20T19:10:30.992Z [error]: Missing access token {"name":"AuthenticationError","statusCode":401,"isOperational":true}
2026-03-20T19:28:14.426Z [error]: Missing access token {"name":"AuthenticationError","statusCode":401,"isOperational":true}
2026-03-20T19:41:04.673Z [error]: jwt expired {"name":"TokenExpiredError","expiredAt":"2026-03-20T19:38:14.000Z"}
2026-03-20T19:41:04.674Z [error]: expired token {"name":"AuthenticationError","statusCode":401,"isOperational":true}
2026-03-20T19:52:02.232Z [error]: jwt expired {"name":"TokenExpiredError","expiredAt":"2026-03-20T19:51:04.000Z"}
2026-03-20T19:52:02.233Z [error]: expired token {"name":"AuthenticationError","statusCode":401,"isOperational":true}
2026-03-20T20:16:53.869Z [error]: Missing access token {"name":"AuthenticationError","statusCode":401,"isOperational":true}
2026-03-21T08:32:00.453Z [error]: Missing access token {"name":"AuthenticationError","statusCode":401,"isOperational":true}
2026-03-23T16:08:28.025Z [error]: AggregateError 
2026-03-23T16:08:28.192Z [error]: AggregateError 
2026-03-23T16:08:28.455Z [error]: AggregateError 
2026-03-23T16:08:28.779Z [error]: AggregateError 
2026-03-23T16:08:29.296Z [error]: AggregateError 
2026-03-23T16:08:30.310Z [error]: AggregateError 
2026-03-23T16:08:31.970Z [error]: AggregateError 
2026-03-23T16:08:34.062Z [error]: AggregateError 
2026-03-23T16:08:36.106Z [error]: AggregateError 
2026-03-23T16:08:38.238Z [error]: AggregateError 
2026-03-23T16:08:40.388Z [error]: AggregateError 
2026-03-23T16:08:42.543Z [error]: AggregateError 
2026-03-23T16:08:44.555Z [error]: AggregateError 
2026-03-23T16:08:46.741Z [error]: AggregateError 
2026-03-23T16:08:48.865Z [error]: AggregateError 
2026-03-23T16:08:51.023Z [error]: AggregateError 
2026-03-23T16:08:53.066Z [error]: AggregateError 
2026-03-23T16:08:55.197Z [error]: AggregateError 
2026-03-23T16:08:57.301Z [error]: AggregateError 
2026-03-23T16:08:59.490Z [error]: AggregateError 
2026-03-23T16:09:01.579Z [error]: AggregateError 
2026-03-23T16:09:03.712Z [error]: AggregateError 
2026-03-23T16:09:05.778Z [error]: AggregateError 
2026-03-23T16:09:07.863Z [error]: AggregateError 
2026-03-23T16:09:10.057Z [error]: AggregateError 
2026-03-23T16:09:12.115Z [error]: AggregateError 
2026-03-23T16:09:14.153Z [error]: AggregateError 
2026-03-23T16:09:16.169Z [error]: AggregateError 
2026-03-23T16:09:18.363Z [error]: AggregateError 
2026-03-23T16:09:20.480Z [error]: AggregateError 
2026-03-23T16:09:22.576Z [error]: AggregateError 
2026-03-23T16:09:24.751Z [error]: AggregateError 
2026-03-23T16:09:26.797Z [error]: AggregateError 
2026-03-23T16:09:28.822Z [error]: AggregateError 
2026-03-23T16:09:31.015Z [error]: AggregateError 
2026-03-23T16:09:33.140Z [error]: AggregateError 
2026-03-23T16:09:35.219Z [error]: AggregateError 
2026-03-23T16:09:37.320Z [error]: AggregateError 
2026-03-23T16:09:39.523Z [error]: AggregateError 
2026-03-23T16:09:41.701Z [error]: AggregateError 
2026-03-23T16:09:43.908Z [error]: AggregateError 
2026-03-23T16:09:45.994Z [error]: AggregateError 
2026-03-23T16:09:50.456Z [error]: Missing access token {"name":"AuthenticationError","statusCode":401,"isOperational":true}
2026-03-23T16:35:00.322Z [error]: Missing access token {"name":"AuthenticationError","statusCode":401,"isOperational":true}
2026-03-23T18:47:14.804Z [error]: Missing access token {"name":"AuthenticationError","statusCode":401,"isOperational":true}
2026-03-23T19:16:57.132Z [error]: Missing access token {"name":"AuthenticationError","statusCode":401,"isOperational":true}
2026-03-23T19:57:18.407Z [error]: Missing access token {"name":"AuthenticationError","statusCode":401,"isOperational":true}
2026-03-23T20:15:57.212Z [error]: Missing access token {"name":"AuthenticationError","statusCode":401,"isOperational":true}
2026-03-23T21:28:24.125Z [error]: Missing access token {"name":"AuthenticationError","statusCode":401,"isOperational":true}
2026-03-25T19:12:37.528Z [error]: Missing access token {"name":"AuthenticationError","statusCode":401,"isOperational":true}
2026-03-25T19:22:58.126Z [error]: jwt expired {"name":"TokenExpiredError","expiredAt":"2026-03-25T19:22:37.000Z"}
2026-03-25T19:22:58.128Z [error]: expired token {"name":"AuthenticationError","statusCode":401,"isOperational":true}
2026-03-25T19:34:10.011Z [error]: jwt expired {"name":"TokenExpiredError","expiredAt":"2026-03-25T19:32:58.000Z"}
2026-03-25T19:34:10.016Z [error]: expired token {"statusCode":401,"isOperational":true,"name":"AuthenticationError"}
2026-03-25T19:51:28.651Z [error]: Missing access token {"statusCode":401,"isOperational":true,"name":"AuthenticationError"}
2026-03-25T20:12:46.629Z [error]: Missing access token {"statusCode":401,"isOperational":true,"name":"AuthenticationError"}
2026-03-25T20:25:43.356Z [error]: jwt expired {"name":"TokenExpiredError","expiredAt":"2026-03-25T20:22:47.000Z"}
2026-03-25T20:25:43.359Z [error]: expired token {"statusCode":401,"isOperational":true,"name":"AuthenticationError"}
2026-03-25T20:39:18.361Z [error]: jwt expired {"name":"TokenExpiredError","expiredAt":"2026-03-25T20:35:43.000Z"}
2026-03-25T20:39:18.364Z [error]: expired token {"statusCode":401,"isOperational":true,"name":"AuthenticationError"}
2026-03-25T20:50:30.321Z [error]: jwt expired {"name":"TokenExpiredError","expiredAt":"2026-03-25T20:49:18.000Z"}
2026-03-25T20:50:30.323Z [error]: expired token {"statusCode":401,"isOperational":true,"name":"AuthenticationError"}
2026-03-25T21:05:25.052Z [error]: jwt expired {"name":"TokenExpiredError","expiredAt":"2026-03-25T21:00:30.000Z"}
2026-03-25T21:05:25.055Z [error]: expired token {"statusCode":401,"isOperational":true,"name":"AuthenticationError"}
2026-03-25T21:15:30.587Z [error]: jwt expired {"name":"TokenExpiredError","expiredAt":"2026-03-25T21:15:25.000Z"}
2026-03-25T21:15:30.588Z [error]: expired token {"statusCode":401,"isOperational":true,"name":"AuthenticationError"}
2026-03-25T21:26:30.000Z [error]: jwt expired {"name":"TokenExpiredError","expiredAt":"2026-03-25T21:25:30.000Z"}
2026-03-25T21:26:30.003Z [error]: expired token {"statusCode":401,"isOperational":true,"name":"AuthenticationError"}
2026-03-25T21:41:39.494Z [error]: Missing access token {"statusCode":401,"isOperational":true,"name":"AuthenticationError"}
2026-03-25T21:58:50.567Z [error]: Socket closed unexpectedly 
2026-03-25T21:58:50.586Z [error]: Socket closed unexpectedly 
2026-03-25T21:58:50.653Z [error]: Socket closed unexpectedly 
2026-03-25T21:58:50.769Z [error]: Socket closed unexpectedly 
2026-03-25T21:58:55.099Z [error]: Socket closed unexpectedly 
2026-03-25T21:58:55.628Z [error]: AggregateError 
2026-03-25T21:58:56.511Z [error]: AggregateError 
2026-03-25T21:58:58.161Z [error]: AggregateError 
2026-03-25T21:59:00.210Z [error]: AggregateError 
2026-03-26T05:31:49.682Z [error]: Missing access token {"statusCode":401,"isOperational":true,"name":"AuthenticationError"}
2026-03-26T05:42:34.047Z [error]: jwt expired {"name":"TokenExpiredError","expiredAt":"2026-03-26T05:41:50.000Z"}
2026-03-26T05:42:34.049Z [error]: expired token {"statusCode":401,"isOperational":true,"name":"AuthenticationError"}
2026-03-26T08:26:55.042Z [error]: Missing access token {"statusCode":401,"isOperational":true,"name":"AuthenticationError"}
2026-03-26T08:37:01.046Z [error]: jwt expired {"name":"TokenExpiredError","expiredAt":"2026-03-26T08:36:55.000Z"}
2026-03-26T08:37:01.048Z [error]: expired token {"statusCode":401,"isOperational":true,"name":"AuthenticationError"}
2026-03-26T08:37:01.174Z [error]: jwt expired {"name":"TokenExpiredError","expiredAt":"2026-03-26T08:36:55.000Z"}
2026-03-26T08:37:01.174Z [error]: expired token {"statusCode":401,"isOperational":true,"name":"AuthenticationError"}
2026-03-26T08:51:00.403Z [error]: jwt expired {"name":"TokenExpiredError","expiredAt":"2026-03-26T08:47:01.000Z"}
2026-03-26T08:51:00.405Z [error]: expired token {"statusCode":401,"isOperational":true,"name":"AuthenticationError"}
2026-03-26T08:51:00.471Z [error]: jwt expired {"name":"TokenExpiredError","expiredAt":"2026-03-26T08:47:01.000Z"}
2026-03-26T08:51:00.472Z [error]: expired token {"statusCode":401,"isOperational":true,"name":"AuthenticationError"}
2026-03-26T08:51:00.534Z [error]: jwt expired {"name":"TokenExpiredError","expiredAt":"2026-03-26T08:47:01.000Z"}
2026-03-26T08:51:00.535Z [error]: expired token {"statusCode":401,"isOperational":true,"name":"AuthenticationError"}
2026-03-26T09:01:12.834Z [error]: jwt expired {"name":"TokenExpiredError","expiredAt":"2026-03-26T09:01:00.000Z"}
2026-03-26T09:01:12.836Z [error]: expired token {"statusCode":401,"isOperational":true,"name":"AuthenticationError"}
2026-03-26T09:01:12.896Z [error]: jwt expired {"name":"TokenExpiredError","expiredAt":"2026-03-26T09:01:00.000Z"}
2026-03-26T09:01:12.897Z [error]: expired token {"statusCode":401,"isOperational":true,"name":"AuthenticationError"}
2026-03-26T10:24:25.086Z [error]: AggregateError 
2026-03-26T10:24:25.207Z [error]: AggregateError 
2026-03-26T10:24:25.523Z [error]: AggregateError 
2026-03-26T10:24:25.909Z [error]: AggregateError 
2026-03-26T10:24:26.471Z [error]: AggregateError 
2026-03-26T10:24:27.412Z [error]: AggregateError 
2026-03-26T10:24:29.132Z [error]: AggregateError 
2026-03-26T10:24:31.332Z [error]: AggregateError 
2026-03-26T10:24:35.803Z [error]: Missing access token {"statusCode":401,"isOperational":true,"name":"AuthenticationError"}
2026-03-26T10:35:27.124Z [error]: jwt expired {"name":"TokenExpiredError","expiredAt":"2026-03-26T10:34:36.000Z"}
2026-03-26T10:35:27.126Z [error]: expired token {"statusCode":401,"isOperational":true,"name":"AuthenticationError"}
2026-03-26T14:25:31.847Z [error]: Missing access token {"statusCode":401,"isOperational":true,"name":"AuthenticationError"}
2026-03-26T15:34:34.847Z [error]: Missing access token {"statusCode":401,"isOperational":true,"name":"AuthenticationError"}
2026-03-26T15:42:41.817Z [error]: Error deleting file from S3: User: arn:aws:iam::493707108209:user/Syd2001 is not authorized to perform: s3:DeleteObject on resource: "arn:aws:s3:::upward-platform/profiles/69c50d1fb251fd533124661b-1774521698599.jpeg" because no identity-based policy allows the s3:DeleteObject action {"$fault":"client","$metadata":{"httpStatusCode":403,"requestId":"S942GM97W70NPPX8","extendedRequestId":"Zo7RV2HtstO1KyiCSHanj2Bcd7OkjGwEBAzRQv1BVE0IURWQK9us/tcTuCc3g8c+2sSdL2GCgsa835MfBhEJ+WTPXlc7U1uk","attempts":1,"totalRetryDelay":0},"name":"AccessDenied","Code":"AccessDenied","RequestId":"S942GM97W70NPPX8","HostId":"Zo7RV2HtstO1KyiCSHanj2Bcd7OkjGwEBAzRQv1BVE0IURWQK9us/tcTuCc3g8c+2sSdL2GCgsa835MfBhEJ+WTPXlc7U1uk","stack":"AccessDenied: User: arn:aws:iam::493707108209:user/Syd2001 is not authorized to perform: s3:DeleteObject on resource: \"arn:aws:s3:::upward-platform/profiles/69c50d1fb251fd533124661b-1774521698599.jpeg\" because no identity-based policy allows the s3:DeleteObject action\n    at AwsRestXmlProtocol.handleError (C:\\Users\\sudev\\BROCAMP\\week-23\\upward\\server\\node_modules\\@aws-sdk\\core\\dist-cjs\\submodules\\protocols\\index.js:1842:27)\n    at processTicksAndRejections (node:internal/process/task_queues:103:5)\n    at async AwsRestXmlProtocol.deserializeResponse (C:\\Users\\sudev\\BROCAMP\\week-23\\upward\\server\\node_modules\\@smithy\\core\\dist-cjs\\submodules\\protocols\\index.js:344:13)\n    at async C:\\Users\\sudev\\BROCAMP\\week-23\\upward\\server\\node_modules\\@smithy\\core\\dist-cjs\\submodules\\schema\\index.js:27:24\n    at async C:\\Users\\sudev\\BROCAMP\\week-23\\upward\\server\\node_modules\\@aws-sdk\\middleware-sdk-s3\\dist-cjs\\index.js:385:20\n    at async C:\\Users\\sudev\\BROCAMP\\week-23\\upward\\server\\node_modules\\@smithy\\middleware-retry\\dist-cjs\\index.js:251:46\n    at async C:\\Users\\sudev\\BROCAMP\\week-23\\upward\\server\\node_modules\\@aws-sdk\\middleware-sdk-s3\\dist-cjs\\index.js:62:28\n    at async C:\\Users\\sudev\\BROCAMP\\week-23\\upward\\server\\node_modules\\@aws-sdk\\middleware-sdk-s3\\dist-cjs\\index.js:89:20\n    at async C:\\Users\\sudev\\BROCAMP\\week-23\\upward\\server\\node_modules\\@aws-sdk\\middleware-logger\\dist-cjs\\index.js:5:26\n    at async S3Service.deleteFile (C:\\Users\\sudev\\BROCAMP\\week-23\\upward\\server\\src\\infrastructure\\external-services\\s3\\s3.service.ts:80:7)"}
2026-03-26T15:43:13.964Z [error]: Error deleting file from S3: User: arn:aws:iam::493707108209:user/Syd2001 is not authorized to perform: s3:DeleteObject on resource: "arn:aws:s3:::upward-platform/profiles/69c50d1fb251fd533124661b-1774539760949.jpeg" because no identity-based policy allows the s3:DeleteObject action {"$fault":"client","$metadata":{"httpStatusCode":403,"requestId":"ATRQ3HE3V8V5342V","extendedRequestId":"6Qq+VXaV3Znsw4WatylAIcfQ3nRHCn2WkQr0JmIt1BynTucomMw5b4yDY7fNzFRNpaaaZwY/Gmo=","attempts":1,"totalRetryDelay":0},"name":"AccessDenied","Code":"AccessDenied","RequestId":"ATRQ3HE3V8V5342V","HostId":"6Qq+VXaV3Znsw4WatylAIcfQ3nRHCn2WkQr0JmIt1BynTucomMw5b4yDY7fNzFRNpaaaZwY/Gmo=","stack":"AccessDenied: User: arn:aws:iam::493707108209:user/Syd2001 is not authorized to perform: s3:DeleteObject on resource: \"arn:aws:s3:::upward-platform/profiles/69c50d1fb251fd533124661b-1774539760949.jpeg\" because no identity-based policy allows the s3:DeleteObject action\n    at AwsRestXmlProtocol.handleError (C:\\Users\\sudev\\BROCAMP\\week-23\\upward\\server\\node_modules\\@aws-sdk\\core\\dist-cjs\\submodules\\protocols\\index.js:1842:27)\n    at processTicksAndRejections (node:internal/process/task_queues:103:5)\n    at async AwsRestXmlProtocol.deserializeResponse (C:\\Users\\sudev\\BROCAMP\\week-23\\upward\\server\\node_modules\\@smithy\\core\\dist-cjs\\submodules\\protocols\\index.js:344:13)\n    at async C:\\Users\\sudev\\BROCAMP\\week-23\\upward\\server\\node_modules\\@smithy\\core\\dist-cjs\\submodules\\schema\\index.js:27:24\n    at async C:\\Users\\sudev\\BROCAMP\\week-23\\upward\\server\\node_modules\\@aws-sdk\\middleware-sdk-s3\\dist-cjs\\index.js:385:20\n    at async C:\\Users\\sudev\\BROCAMP\\week-23\\upward\\server\\node_modules\\@smithy\\middleware-retry\\dist-cjs\\index.js:251:46\n    at async C:\\Users\\sudev\\BROCAMP\\week-23\\upward\\server\\node_modules\\@aws-sdk\\middleware-sdk-s3\\dist-cjs\\index.js:62:28\n    at async C:\\Users\\sudev\\BROCAMP\\week-23\\upward\\server\\node_modules\\@aws-sdk\\middleware-sdk-s3\\dist-cjs\\index.js:89:20\n    at async C:\\Users\\sudev\\BROCAMP\\week-23\\upward\\server\\node_modules\\@aws-sdk\\middleware-logger\\dist-cjs\\index.js:5:26\n    at async S3Service.deleteFile (C:\\Users\\sudev\\BROCAMP\\week-23\\upward\\server\\src\\infrastructure\\external-services\\s3\\s3.service.ts:80:7)"}
2026-03-26T15:48:04.700Z [error]: jwt expired {"name":"TokenExpiredError","expiredAt":"2026-03-26T15:44:35.000Z"}
2026-03-26T15:48:04.702Z [error]: expired token {"statusCode":401,"isOperational":true,"name":"AuthenticationError"}
